ets Jul 29 2019 12:21:46

rst:0x1 (POWERON_RESET),boot:0x12 (SPI_FAST_FLASH_BOOT)
configsip: 0, SPIWP:0xee
clk_drv:0x00,q_drv:0x00,d_drv:0x00,cs0_drv:0x00,hd_drv:0x00,wp_drv:0x00
mode:DIO, clock div:2
load:0x3fff0030,len:244
load:0x40078000,len:13152
ho 0 tail 12 room 4
load:0x40080400,len:2892
entry 0x40080554

00:00:00.012 HDW: ESP32-D0WDQ6 v0.0 
00:00:00.151 UFS: FlashFS mounted with 304 kB free
00:00:00.590 CFG: Loaded from File, Count 4
00:00:00.742 QPC: Count 3
00:00:00.454 BRY: Berry initialized, RAM used 3409 bytes
00:00:00.678 Project tasmota - Tasmota Version 15.3.0(qemu)-3.3.7(2026-03-24T12:07:04)
00:00:02.286 ETH: Ethernet using RMII
00:00:02.434 ETH: Connected at 10Mbps Full Duplex, Mac 00:00:00:00:00:03, Hostname tasmota-000000-0000-eth
13:17:54.015 HTP: Web server active on tasmota-000000-0000-eth with IP address 10.0.2.15
13:17:55.012 RSL: INFO1 = {"Info1":{"Module":"ESP32-QEMU","Version":"15.3.0(qemu)","FallbackTopic":"cmnd/DVES_000000_fb/","GroupTopic":"cmnd/tasmotas/"}}
13:17:55.015 RSL: INFO2 = {"Info2":{"WebServerMode":"Admin","Ethernet":{"Hostname":"tasmota-000000-0000-eth","IPAddress":"10.0.2.15"}}}
13:17:55.016 RSL: INFO3 = {"Info3":{"RestartReason":"Vbat power on reset","BootCount":2}}
13:17:56.299 RSL: RESULT = {"Restart":"Restarting"}
ets Jul 29 2019 12:21:46

rst:0x3 (SW_RESET),boot:0x12 (SPI_FAST_FLASH_BOOT)
ets Jul 29 2019 12:21:46

rst:0x7 (TG0WDT_SYS_RESET),boot:0x12 (SPI_FAST_FLASH_BOOT)
configsip: 0, SPIWP:0xee
clk_drv:0x00,q_drv:0x00,d_drv:0x00,cs0_drv:0x00,hd_drv:0x00,wp_drv:0x00
mode:DIO, clock div:2
load:0x3fff0030,len:244
load:0x40078000,len:13152
ho 0 tail 12 room 4
load:0x40080400,len:2892
entry 0x40080554

00:00:00.012 HDW: ESP32-D0WDQ6 v0.0 
00:00:00.269 UFS: FlashFS mounted with 304 kB free
00:00:00.747 CFG: Loaded from File, Count 4
00:00:00.750 FRC: Some settings have been reset (2)
00:00:00.510 BRY: Berry initialized, RAM used 3409 bytes
00:00:00.744 Project tasmota - Tasmota Version 15.3.0(qemu)-3.3.7(2026-03-24T12:07:04)
00:00:02.450 ETH: Ethernet using RMII
00:00:02.597 ETH: Connected at 10Mbps Full Duplex, Mac 00:00:00:00:00:03, Hostname tasmota-000000-0000-eth
13:18:04.229 HTP: Web server active on tasmota-000000-0000-eth with IP address 10.0.2.15
13:18:05.227 RSL: INFO1 = {"Info1":{"Module":"ESP32-QEMU","Version":"15.3.0(qemu)","FallbackTopic":"cmnd/DVES_000000_fb/","GroupTopic":"cmnd/tasmotas/"}}
13:18:05.229 RSL: INFO2 = {"Info2":{"WebServerMode":"Admin","Ethernet":{"Hostname":"tasmota-000000-0000-eth","IPAddress":"10.0.2.15"}}}
13:18:05.231 RSL: INFO3 = {"Info3":{"RestartReason":"Timer Group0 Watch dog reset digital core","BootCount":2}}
13:18:09.718 RSL: STATE = {"Time":"2026-03-24T13:18:09","Uptime":"0T00:00:06","UptimeSec":6,"Heap":188,"SleepMode":"Dynamic","Sleep":50,"LoadAvg":19,"MqttCount":0,"Berry":{"HeapUsed":3,"Objects":42},"Hostname":"tasmota-000000-0000-eth","IPAddress":"10.0.2.15"}
13:18:10.890 QPC: Reset
