ets Jul 29 2019 12:21:46

rst:0x1 (POWERON_RESET),boot:0x12 (SPI_FAST_FLASH_BOOT)
configsip: 0, SPIWP:0xee
clk_drv:0x00,q_drv:0x00,d_drv:0x00,cs0_drv:0x00,hd_drv:0x00,wp_drv:0x00
mode:DIO, clock div:2
load:0x3fff0030,len:244
load:0x40078000,len:13152
ho 0 tail 12 room 4
load:0x40080400,len:2892
entry 0x40080554

00:00:00.012 HDW: ESP32-D0WDQ6 v0.0 
00:00:00.455 UFS: FlashFS mounted with 304 kB free
00:00:00.895 CFG: Loaded from File, Count 5
00:00:00.053 QPC: Count 1
00:00:00.830 BRY: Berry initialized, RAM used 3409 bytes
00:00:00.056 Project tasmota - Tasmota Version 15.3.0(qemu)-3.3.7(2026-03-24T12:07:04)
00:00:02.487 ETH: Ethernet using RMII
00:00:02.631 ETH: Connected at 10Mbps Full Duplex, Mac 00:00:00:00:00:03, Hostname tasmota-000000-0000-eth
13:19:06.098 HTP: Web server active on tasmota-000000-0000-eth with IP address 10.0.2.15
13:19:07.094 RSL: INFO1 = {"Info1":{"Module":"ESP32-QEMU","Version":"15.3.0(qemu)","FallbackTopic":"cmnd/DVES_000000_fb/","GroupTopic":"cmnd/tasmotas/"}}
13:19:07.096 RSL: INFO2 = {"Info2":{"WebServerMode":"Admin","Ethernet":{"Hostname":"tasmota-000000-0000-eth","IPAddress":"10.0.2.15"}}}
13:19:07.098 RSL: INFO3 = {"Info3":{"RestartReason":"Vbat power on reset","BootCount":3}}
13:19:11.997 QPC: Reset
13:19:12.008 RSL: STATE = {"Time":"2026-03-24T13:19:11","Uptime":"0T00:00:08","UptimeSec":8,"Heap":187,"SleepMode":"Dynamic","Sleep":50,"LoadAvg":19,"MqttCount":0,"Berry":{"HeapUsed":3,"Objects":42},"Hostname":"tasmota-000000-0000-eth","IPAddress":"10.0.2.15"}
